
2025-12-16 19:08:33,405 | ERROR | ❌ 注册蓝图失败 [community]: (unicode error) 'utf-8' codec can't decode byte 0xd0 in position 7: invalid continuation byte (__init__.py, line 1)
2025-12-16 19:08:34,384 | ERROR | ❌ 注册蓝图失败 [community]: (unicode error) 'utf-8' codec can't decode byte 0xd0 in position 7: invalid continuation byte (__init__.py, line 1)
2025-12-16 19:08:35,418 | ERROR | ❌ 注册蓝图失败 [community]: (unicode error) 'utf-8' codec can't decode byte 0xd0 in position 7: invalid continuation byte (__init__.py, line 1)
2025-12-16 19:08:35,418 | ERROR | ❌ 注册蓝图失败 [community]: (unicode error) 'utf-8' codec can't decode byte 0xd0 in position 7: invalid continuation byte (__init__.py, line 1)
2025-12-16 19:15:49,610 | ERROR | ❌ 获取公开提示词列表失败: no such column: p.like_count
2025-12-16 19:15:49,614 | ERROR | ❌ 获取公开提示词列表失败: no such column: p.like_count
2025-12-16 19:15:52,717 | ERROR | ❌ 获取公开提示词列表失败: no such column: p.like_count
2025-12-16 19:15:52,717 | ERROR | ❌ 获取公开提示词列表失败: no such column: p.like_count
2025-12-16 19:15:54,017 | ERROR | ❌ 获取公开提示词列表失败: no such column: p.like_count
2025-12-16 19:15:54,018 | ERROR | ❌ 获取公开提示词列表失败: no such column: p.like_count
2025-12-16 19:16:05,495 | ERROR | ❌ 获取公开提示词列表失败: no such column: p.like_count
2025-12-16 19:16:05,497 | ERROR | ❌ 获取公开提示词列表失败: no such column: p.like_count
2025-12-16 19:16:11,741 | ERROR | ❌ 获取公开提示词列表失败: no such column: p.like_count
2025-12-16 19:16:11,744 | ERROR | ❌ 获取公开提示词列表失败: no such column: p.like_count
2025-12-16 19:16:19,959 | ERROR | ❌ 获取公开提示词列表失败: no such column: p.like_count
2025-12-16 19:16:19,969 | ERROR | ❌ 获取公开提示词列表失败: no such column: p.like_count
2025-12-16 19:16:30,893 | ERROR | ❌ 获取公开提示词列表失败: no such column: p.like_count
2025-12-16 19:16:30,894 | ERROR | ❌ 获取公开提示词列表失败: no such column: p.like_count
2025-12-16 19:16:38,590 | ERROR | ❌ 获取公开提示词列表失败: no such column: p.like_count
2025-12-16 19:16:38,590 | ERROR | ❌ 获取公开提示词列表失败: no such column: p.like_count
2025-12-16 19:18:33,410 | ERROR | ❌ 获取公开提示词列表失败: no such column: p.like_count
2025-12-16 19:18:33,410 | ERROR | ❌ 获取公开提示词列表失败: no such column: p.like_count
2025-12-16 19:18:35,509 | ERROR | ❌ 获取公开提示词列表失败: no such column: p.like_count
2025-12-16 19:18:35,509 | ERROR | ❌ 获取公开提示词列表失败: no such column: p.like_count
2025-12-16 19:18:43,322 | ERROR | ❌ 获取公开提示词列表失败: no such column: p.like_count
2025-12-16 19:18:43,323 | ERROR | ❌ 获取公开提示词列表失败: no such column: p.like_count
2025-12-16 19:18:45,177 | ERROR | ❌ 获取公开提示词列表失败: no such column: p.like_count
2025-12-16 19:18:45,180 | ERROR | ❌ 获取公开提示词列表失败: no such column: p.like_count
2025-12-16 19:19:02,949 | ERROR | ❌ 获取公开提示词列表失败: no such column: p.like_count
2025-12-16 19:19:02,956 | ERROR | ❌ 获取公开提示词列表失败: no such column: p.like_count
2025-12-16 19:19:08,064 | ERROR | ❌ 获取公开提示词列表失败: no such column: p.like_count
2025-12-16 19:19:08,065 | ERROR | ❌ 获取公开提示词列表失败: no such column: p.like_count
2025-12-16 19:19:21,416 | ERROR | ❌ 获取公开提示词列表失败: no such column: p.like_count
2025-12-16 19:19:21,420 | ERROR | ❌ 获取公开提示词列表失败: no such column: p.like_count
2025-12-16 19:19:23,981 | ERROR | ❌ 获取公开提示词列表失败: no such column: p.like_count
2025-12-16 19:19:23,982 | ERROR | ❌ 获取公开提示词列表失败: no such column: p.like_count
2025-12-16 19:19:30,762 | ERROR | ❌ 获取公开提示词列表失败: no such column: p.like_count
2025-12-16 19:19:30,763 | ERROR | ❌ 获取公开提示词列表失败: no such column: p.like_count
2025-12-16 19:20:37,077 | ERROR | ❌ 获取公开提示词列表失败: no such column: p.like_count
2025-12-16 19:20:37,081 | ERROR | ❌ 获取公开提示词列表失败: no such column: p.like_count
2025-12-16 19:20:38,317 | ERROR | ❌ 获取公开提示词列表失败: no such column: p.like_count
2025-12-16 19:20:38,320 | ERROR | ❌ 获取公开提示词列表失败: no such column: p.like_count
2025-12-16 19:20:39,382 | ERROR | ❌ 获取公开提示词列表失败: no such column: p.like_count
2025-12-16 19:20:39,383 | ERROR | ❌ 获取公开提示词列表失败: no such column: p.like_count
2025-12-16 19:20:40,827 | ERROR | ❌ 获取公开提示词列表失败: no such column: p.like_count
2025-12-16 19:20:40,833 | ERROR | ❌ 获取公开提示词列表失败: no such column: p.like_count
2025-12-16 19:20:45,047 | ERROR | ❌ 获取公开提示词列表失败: no such column: p.like_count
2025-12-16 19:20:45,052 | ERROR | ❌ 获取公开提示词列表失败: no such column: p.like_count
2025-12-16 19:20:47,303 | ERROR | ❌ 获取公开提示词列表失败: no such column: p.like_count
2025-12-16 19:20:47,304 | ERROR | ❌ 获取公开提示词列表失败: no such column: p.like_count
2025-12-16 19:20:55,131 | ERROR | ❌ 获取公开提示词列表失败: no such column: p.like_count
2025-12-16 19:20:55,134 | ERROR | ❌ 获取公开提示词列表失败: no such column: p.like_count
2025-12-16 19:21:00,925 | ERROR | ❌ 获取公开提示词列表失败: no such column: p.like_count
2025-12-16 19:21:00,929 | ERROR | ❌ 获取公开提示词列表失败: no such column: p.like_count
2025-12-16 19:22:28,957 | ERROR | ❌ 获取公开提示词列表失败: no such column: p.like_count
2025-12-16 19:22:28,958 | ERROR | ❌ 获取公开提示词列表失败: no such column: p.like_count
2025-12-16 19:23:13,811 | ERROR | ❌ 获取公开提示词列表失败: no such column: p.like_count
2025-12-16 19:23:13,814 | ERROR | ❌ 获取公开提示词列表失败: no such column: p.like_count
2025-12-16 19:23:26,980 | ERROR | ❌ 获取公开提示词列表失败: no such column: p.like_count
2025-12-16 19:23:26,981 | ERROR | ❌ 获取公开提示词列表失败: no such column: p.like_count
2025-12-16 19:23:28,460 | ERROR | ❌ 获取公开提示词列表失败: no such column: p.like_count
2025-12-16 19:23:28,461 | ERROR | ❌ 获取公开提示词列表失败: no such column: p.like_count
2025-12-16 19:24:41,025 | ERROR | ❌ 获取公开提示词列表失败: no such column: p.like_count
2025-12-16 19:24:41,029 | ERROR | ❌ 获取公开提示词列表失败: no such column: p.like_count
2025-12-16 19:25:54,716 | ERROR | ❌ 获取公开提示词列表失败: no such column: p.like_count
2025-12-16 19:25:54,717 | ERROR | ❌ 获取公开提示词列表失败: no such column: p.like_count
2025-12-16 19:28:06,836 | ERROR | ❌ 获取公开提示词列表失败: no such column: p.like_count
2025-12-16 19:28:06,840 | ERROR | ❌ 获取公开提示词列表失败: no such column: p.like_count
2025-12-16 19:28:08,022 | ERROR | ❌ 获取公开提示词列表失败: no such column: p.like_count
2025-12-16 19:28:08,028 | ERROR | ❌ 获取公开提示词列表失败: no such column: p.like_count
2025-12-16 19:28:08,918 | ERROR | ❌ 获取公开提示词列表失败: no such column: p.like_count
2025-12-16 19:28:08,919 | ERROR | ❌ 获取公开提示词列表失败: no such column: p.like_count
2025-12-16 19:28:10,494 | ERROR | ❌ 获取公开提示词列表失败: no such column: p.like_count
2025-12-16 19:28:10,495 | ERROR | ❌ 获取公开提示词列表失败: no such column: p.like_count
2025-12-16 19:28:11,237 | ERROR | ❌ 获取公开提示词列表失败: no such column: p.like_count
2025-12-16 19:28:11,241 | ERROR | ❌ 获取公开提示词列表失败: no such column: p.like_count
2025-12-16 19:28:11,481 | ERROR | ❌ 获取公开提示词列表失败: no such column: p.like_count
2025-12-16 19:28:11,482 | ERROR | ❌ 获取公开提示词列表失败: no such column: p.like_count
2025-12-16 19:28:11,726 | ERROR | ❌ 获取公开提示词列表失败: no such column: p.like_count
2025-12-16 19:28:11,729 | ERROR | ❌ 获取公开提示词列表失败: no such column: p.like_count
2025-12-16 19:28:11,991 | ERROR | ❌ 获取公开提示词列表失败: no such column: p.like_count
2025-12-16 19:28:11,991 | ERROR | ❌ 获取公开提示词列表失败: no such column: p.like_count
2025-12-16 19:28:12,278 | ERROR | ❌ 获取公开提示词列表失败: no such column: p.like_count
2025-12-16 19:28:12,278 | ERROR | ❌ 获取公开提示词列表失败: no such column: p.like_count
2025-12-16 19:28:12,930 | ERROR | ❌ 获取公开提示词列表失败: no such column: p.like_count
2025-12-16 19:28:12,934 | ERROR | ❌ 获取公开提示词列表失败: no such column: p.like_count
2025-12-16 19:28:53,159 | ERROR | ❌ 获取公开提示词列表失败: no such column: p.like_count
2025-12-16 19:28:53,160 | ERROR | ❌ 获取公开提示词列表失败: no such column: p.like_count
2025-12-16 19:29:02,371 | ERROR | ❌ 获取公开提示词列表失败: no such column: p.like_count
2025-12-16 19:29:02,371 | ERROR | ❌ 获取公开提示词列表失败: no such column: p.like_count
2025-12-16 19:29:11,155 | ERROR | ❌ 获取公开提示词列表失败: no such column: p.like_count
2025-12-16 19:29:11,159 | ERROR | ❌ 获取公开提示词列表失败: no such column: p.like_count
2025-12-16 19:29:37,736 | ERROR | ❌ 获取公开提示词列表失败: no such column: p.like_count
2025-12-16 19:29:37,749 | ERROR | ❌ 获取公开提示词列表失败: no such column: p.like_count
2025-12-16 19:34:00,866 | ERROR | ❌ 获取公开提示词列表失败: no such column: p.like_count
2025-12-16 19:34:00,871 | ERROR | ❌ 获取公开提示词列表失败: no such column: p.like_count
2025-12-16 19:34:04,998 | ERROR | ❌ 获取公开提示词列表失败: no such column: p.like_count
2025-12-16 19:34:04,998 | ERROR | ❌ 获取公开提示词列表失败: no such column: p.like_count
2025-12-16 19:35:59,042 | ERROR | ❌ 获取公开提示词列表失败: no such column: p.like_count
2025-12-16 19:35:59,049 | ERROR | ❌ 获取公开提示词列表失败: no such column: p.like_count
2025-12-16 19:36:28,144 | ERROR | ❌ 获取公开提示词列表失败: no such column: p.like_count
2025-12-16 19:36:28,145 | ERROR | ❌ 获取公开提示词列表失败: no such column: p.like_count
2025-12-17 12:25:09,329 | ERROR | ❌ 切换点赞状态失败: no such function: GREATEST
2025-12-17 12:25:09,354 | ERROR | ❌ 切换点赞失败: no such function: GREATEST
2025-12-17 12:25:15,923 | ERROR | ❌ 切换点赞状态失败: no such function: GREATEST
2025-12-17 12:25:15,924 | ERROR | ❌ 切换点赞失败: no such function: GREATEST
2025-12-17 12:25:24,465 | ERROR | ❌ 切换点赞状态失败: no such function: GREATEST
2025-12-17 12:25:24,465 | ERROR | ❌ 切换点赞失败: no such function: GREATEST
2025-12-17 12:25:28,539 | ERROR | ❌ 切换点赞状态失败: no such function: GREATEST
2025-12-17 12:25:28,539 | ERROR | ❌ 切换点赞失败: no such function: GREATEST
2025-12-17 12:54:02,399 | ERROR | ❌ 切换点赞状态失败: no such function: GREATEST
2025-12-17 12:54:02,414 | ERROR | ❌ 切换点赞失败: no such function: GREATEST
2025-12-17 12:55:32,270 | ERROR | ❌ 切换点赞状态失败: no such function: GREATEST
2025-12-17 12:55:32,286 | ERROR | ❌ 切换点赞失败: no such function: GREATEST
2025-12-17 14:30:05,910 | ERROR | ❌ 获取相关操练场快照失败: no such column: ps.prompt_id
2025-12-17 14:30:05,932 | ERROR | ❌ 获取相关操练场快照失败: no such column: ps.prompt_id
2025-12-17 14:30:59,347 | ERROR | ❌ 获取相关操练场快照失败: no such column: ps.prompt_id
2025-12-17 14:30:59,348 | ERROR | ❌ 获取相关操练场快照失败: no such column: ps.prompt_id
2025-12-17 14:31:24,083 | ERROR | ❌ 获取相关操练场快照失败: no such column: ps.prompt_id
2025-12-17 14:31:24,084 | ERROR | ❌ 获取相关操练场快照失败: no such column: ps.prompt_id
2025-12-17 14:33:58,562 | ERROR | ❌ 获取相关操练场快照失败: no such column: ps.prompt_id
2025-12-17 14:33:58,565 | ERROR | ❌ 获取相关操练场快照失败: no such column: ps.prompt_id
2025-12-17 14:39:24,730 | ERROR | ❌ 获取相关操练场快照失败: no such column: ps.prompt_id
2025-12-17 14:39:24,736 | ERROR | ❌ 获取相关操练场快照失败: no such column: ps.prompt_id
2025-12-17 14:39:27,541 | ERROR | ❌ 获取相关操练场快照失败: no such column: ps.prompt_id
2025-12-17 14:39:27,542 | ERROR | ❌ 获取相关操练场快照失败: no such column: ps.prompt_id
2025-12-17 14:44:38,270 | ERROR | ❌ 获取相关操练场快照失败: no such column: ps.prompt_id
2025-12-17 14:44:38,273 | ERROR | ❌ 获取相关操练场快照失败: no such column: ps.prompt_id
2025-12-17 14:44:47,916 | ERROR | ❌ 获取相关操练场快照失败: no such column: ps.prompt_id
2025-12-17 14:44:47,916 | ERROR | ❌ 获取相关操练场快照失败: no such column: ps.prompt_id
2025-12-17 14:47:16,182 | ERROR | ❌ 获取相关操练场快照失败: no such column: ps.prompt_id
2025-12-17 14:47:16,183 | ERROR | ❌ 获取相关操练场快照失败: no such column: ps.prompt_id
2025-12-17 14:54:01,438 | ERROR | ❌ 获取相关操练场快照失败: no such column: ps.prompt_id
2025-12-17 14:54:01,446 | ERROR | ❌ 获取相关操练场快照失败: no such column: ps.prompt_id
2025-12-17 14:56:29,642 | ERROR | ❌ 获取相关操练场快照失败: no such column: ps.prompt_id
2025-12-17 14:56:29,650 | ERROR | ❌ 获取相关操练场快照失败: no such column: ps.prompt_id
2025-12-17 14:56:34,105 | ERROR | ❌ 获取相关操练场快照失败: no such column: ps.prompt_id
2025-12-17 14:56:34,105 | ERROR | ❌ 获取相关操练场快照失败: no such column: ps.prompt_id
2025-12-17 15:01:07,166 | ERROR | ❌ 获取相关操练场快照失败: no such column: ps.prompt_id
2025-12-17 15:01:07,170 | ERROR | ❌ 获取相关操练场快照失败: no such column: ps.prompt_id
2025-12-17 15:04:37,679 | ERROR | ❌ 获取相关操练场快照失败: no such column: ps.prompt_id
2025-12-17 15:04:37,679 | ERROR | ❌ 获取相关操练场快照失败: no such column: ps.prompt_id
2025-12-17 15:22:48,679 | ERROR | ❌ 获取相关操练场快照失败: no such column: ps.prompt_id
2025-12-17 15:22:48,686 | ERROR | ❌ 获取相关操练场快照失败: no such column: ps.prompt_id
2025-12-17 15:23:11,579 | ERROR | ❌ 获取相关操练场快照失败: no such column: ps.prompt_id
2025-12-17 15:23:11,580 | ERROR | ❌ 获取相关操练场快照失败: no such column: ps.prompt_id
2025-12-17 15:23:36,692 | ERROR | ❌ 获取相关操练场快照失败: no such column: ps.prompt_id
2025-12-17 15:23:36,693 | ERROR | ❌ 获取相关操练场快照失败: no such column: ps.prompt_id
2025-12-17 15:23:40,126 | ERROR | ❌ 获取相关操练场快照失败: no such column: ps.prompt_id
2025-12-17 15:23:40,126 | ERROR | ❌ 获取相关操练场快照失败: no such column: ps.prompt_id
2025-12-17 15:23:42,245 | ERROR | ❌ 获取相关操练场快照失败: no such column: ps.prompt_id
2025-12-17 15:23:42,246 | ERROR | ❌ 获取相关操练场快照失败: no such column: ps.prompt_id
2025-12-17 15:23:46,000 | ERROR | ❌ 获取相关操练场快照失败: no such column: ps.prompt_id
2025-12-17 15:23:46,001 | ERROR | ❌ 获取相关操练场快照失败: no such column: ps.prompt_id
2025-12-17 15:24:11,336 | ERROR | ❌ 获取相关操练场快照失败: no such column: ps.prompt_id
2025-12-17 15:24:11,339 | ERROR | ❌ 获取相关操练场快照失败: no such column: ps.prompt_id
2025-12-17 15:24:49,135 | ERROR | ❌ 获取相关操练场快照失败: no such column: ps.prompt_id
2025-12-17 15:24:49,136 | ERROR | ❌ 获取相关操练场快照失败: no such column: ps.prompt_id
2025-12-17 15:25:35,139 | ERROR | ❌ 获取相关操练场快照失败: no such column: ps.prompt_id
2025-12-17 15:25:35,140 | ERROR | ❌ 获取相关操练场快照失败: no such column: ps.prompt_id
2025-12-17 15:27:18,043 | ERROR | ❌ 获取相关操练场快照失败: no such column: ps.prompt_id
2025-12-17 15:27:18,045 | ERROR | ❌ 获取相关操练场快照失败: no such column: ps.prompt_id
2025-12-17 15:28:33,781 | ERROR | ❌ 获取相关操练场快照失败: no such column: ps.prompt_id
2025-12-17 15:28:33,785 | ERROR | ❌ 获取相关操练场快照失败: no such column: ps.prompt_id
2025-12-17 15:28:50,276 | ERROR | ❌ 获取相关操练场快照失败: no such column: ps.prompt_id
2025-12-17 15:28:50,278 | ERROR | ❌ 获取相关操练场快照失败: no such column: ps.prompt_id
2025-12-17 15:28:54,537 | ERROR | ❌ 获取相关操练场快照失败: no such column: ps.prompt_id
2025-12-17 15:28:54,538 | ERROR | ❌ 获取相关操练场快照失败: no such column: ps.prompt_id
2025-12-17 15:28:57,860 | ERROR | ❌ 获取相关操练场快照失败: no such column: ps.prompt_id
2025-12-17 15:28:57,862 | ERROR | ❌ 获取相关操练场快照失败: no such column: ps.prompt_id
2025-12-17 15:29:01,107 | ERROR | ❌ 获取相关操练场快照失败: no such column: ps.prompt_id
2025-12-17 15:29:01,108 | ERROR | ❌ 获取相关操练场快照失败: no such column: ps.prompt_id
2025-12-17 15:29:02,073 | ERROR | ❌ 获取相关操练场快照失败: no such column: ps.prompt_id
2025-12-17 15:29:02,074 | ERROR | ❌ 获取相关操练场快照失败: no such column: ps.prompt_id
2025-12-17 15:29:03,159 | ERROR | ❌ 获取相关操练场快照失败: no such column: ps.prompt_id
2025-12-17 15:29:03,162 | ERROR | ❌ 获取相关操练场快照失败: no such column: ps.prompt_id
2025-12-17 15:29:04,186 | ERROR | ❌ 获取相关操练场快照失败: no such column: ps.prompt_id
2025-12-17 15:29:04,187 | ERROR | ❌ 获取相关操练场快照失败: no such column: ps.prompt_id
2025-12-17 15:29:05,651 | ERROR | ❌ 获取相关操练场快照失败: no such column: ps.prompt_id
2025-12-17 15:29:05,651 | ERROR | ❌ 获取相关操练场快照失败: no such column: ps.prompt_id
2025-12-17 15:29:06,453 | ERROR | ❌ 获取相关操练场快照失败: no such column: ps.prompt_id
2025-12-17 15:29:06,455 | ERROR | ❌ 获取相关操练场快照失败: no such column: ps.prompt_id
2025-12-17 15:29:08,588 | ERROR | ❌ 获取相关操练场快照失败: no such column: ps.prompt_id
2025-12-17 15:29:08,590 | ERROR | ❌ 获取相关操练场快照失败: no such column: ps.prompt_id
2025-12-17 15:29:09,362 | ERROR | ❌ 获取相关操练场快照失败: no such column: ps.prompt_id
2025-12-17 15:29:09,366 | ERROR | ❌ 获取相关操练场快照失败: no such column: ps.prompt_id
2025-12-17 15:29:12,270 | ERROR | ❌ 获取相关操练场快照失败: no such column: ps.prompt_id
2025-12-17 15:29:12,275 | ERROR | ❌ 获取相关操练场快照失败: no such column: ps.prompt_id
2025-12-17 15:29:13,083 | ERROR | ❌ 获取相关操练场快照失败: no such column: ps.prompt_id
2025-12-17 15:29:13,084 | ERROR | ❌ 获取相关操练场快照失败: no such column: ps.prompt_id
2025-12-17 15:29:21,292 | ERROR | ❌ 获取相关操练场快照失败: no such column: ps.prompt_id
2025-12-17 15:29:21,300 | ERROR | ❌ 获取相关操练场快照失败: no such column: ps.prompt_id
2025-12-17 15:29:22,852 | ERROR | ❌ 获取相关操练场快照失败: no such column: ps.prompt_id
2025-12-17 15:29:22,852 | ERROR | ❌ 获取相关操练场快照失败: no such column: ps.prompt_id
2025-12-17 15:29:23,495 | ERROR | ❌ 获取相关操练场快照失败: no such column: ps.prompt_id
2025-12-17 15:29:23,495 | ERROR | ❌ 获取相关操练场快照失败: no such column: ps.prompt_id
2025-12-17 15:29:23,776 | ERROR | ❌ 获取相关操练场快照失败: no such column: ps.prompt_id
2025-12-17 15:29:23,776 | ERROR | ❌ 获取相关操练场快照失败: no such column: ps.prompt_id
2025-12-17 15:29:24,048 | ERROR | ❌ 获取相关操练场快照失败: no such column: ps.prompt_id
2025-12-17 15:29:24,049 | ERROR | ❌ 获取相关操练场快照失败: no such column: ps.prompt_id
2025-12-17 15:29:24,236 | ERROR | ❌ 获取相关操练场快照失败: no such column: ps.prompt_id
2025-12-17 15:29:24,236 | ERROR | ❌ 获取相关操练场快照失败: no such column: ps.prompt_id
2025-12-17 15:29:24,471 | ERROR | ❌ 获取相关操练场快照失败: no such column: ps.prompt_id
2025-12-17 15:29:24,471 | ERROR | ❌ 获取相关操练场快照失败: no such column: ps.prompt_id
2025-12-17 15:29:24,724 | ERROR | ❌ 获取相关操练场快照失败: no such column: ps.prompt_id
2025-12-17 15:29:24,725 | ERROR | ❌ 获取相关操练场快照失败: no such column: ps.prompt_id
2025-12-17 15:29:24,959 | ERROR | ❌ 获取相关操练场快照失败: no such column: ps.prompt_id
2025-12-17 15:29:24,959 | ERROR | ❌ 获取相关操练场快照失败: no such column: ps.prompt_id
2025-12-17 15:29:25,204 | ERROR | ❌ 获取相关操练场快照失败: no such column: ps.prompt_id
2025-12-17 15:29:25,204 | ERROR | ❌ 获取相关操练场快照失败: no such column: ps.prompt_id
2025-12-17 15:29:25,458 | ERROR | ❌ 获取相关操练场快照失败: no such column: ps.prompt_id
2025-12-17 15:29:25,458 | ERROR | ❌ 获取相关操练场快照失败: no such column: ps.prompt_id
2025-12-17 15:29:25,717 | ERROR | ❌ 获取相关操练场快照失败: no such column: ps.prompt_id
2025-12-17 15:29:25,718 | ERROR | ❌ 获取相关操练场快照失败: no such column: ps.prompt_id
2025-12-17 15:29:26,087 | ERROR | ❌ 获取相关操练场快照失败: no such column: ps.prompt_id
2025-12-17 15:29:26,087 | ERROR | ❌ 获取相关操练场快照失败: no such column: ps.prompt_id
2025-12-17 15:29:42,421 | ERROR | ❌ 获取相关操练场快照失败: no such column: ps.prompt_id
2025-12-17 15:29:42,423 | ERROR | ❌ 获取相关操练场快照失败: no such column: ps.prompt_id
2025-12-17 15:30:27,619 | ERROR | ❌ 获取相关操练场快照失败: no such column: ps.prompt_id
2025-12-17 15:30:27,621 | ERROR | ❌ 获取相关操练场快照失败: no such column: ps.prompt_id
2025-12-17 15:53:52,933 | ERROR | ❌ 获取相关操练场快照失败: no such column: ps.prompt_id
2025-12-17 15:53:52,943 | ERROR | ❌ 获取相关操练场快照失败: no such column: ps.prompt_id
2025-12-17 15:54:55,110 | ERROR | ❌ 获取相关操练场快照失败: no such column: ps.prompt_id
2025-12-17 15:54:55,115 | ERROR | ❌ 获取相关操练场快照失败: no such column: ps.prompt_id
2025-12-17 15:55:04,588 | ERROR | ❌ 获取相关操练场快照失败: no such column: ps.prompt_id
2025-12-17 15:55:04,597 | ERROR | ❌ 获取相关操练场快照失败: no such column: ps.prompt_id
2025-12-17 15:55:15,347 | ERROR | ❌ 获取相关操练场快照失败: no such column: ps.prompt_id
2025-12-17 15:55:15,348 | ERROR | ❌ 获取相关操练场快照失败: no such column: ps.prompt_id
2025-12-17 15:55:16,994 | ERROR | ❌ 获取相关操练场快照失败: no such column: ps.prompt_id
2025-12-17 15:55:16,995 | ERROR | ❌ 获取相关操练场快照失败: no such column: ps.prompt_id
2025-12-17 15:55:29,907 | ERROR | ❌ 获取相关操练场快照失败: no such column: ps.prompt_id
2025-12-17 15:55:29,909 | ERROR | ❌ 获取相关操练场快照失败: no such column: ps.prompt_id
2025-12-17 15:56:03,596 | ERROR | ❌ 获取相关操练场快照失败: no such column: ps.prompt_id
2025-12-17 15:56:03,601 | ERROR | ❌ 获取相关操练场快照失败: no such column: ps.prompt_id
2025-12-17 15:57:13,916 | ERROR | ❌ 获取相关操练场快照失败: no such column: ps.prompt_id
2025-12-17 15:57:13,920 | ERROR | ❌ 获取相关操练场快照失败: no such column: ps.prompt_id
2025-12-17 15:57:18,996 | ERROR | ❌ 获取相关操练场快照失败: no such column: ps.prompt_id
2025-12-17 15:57:18,997 | ERROR | ❌ 获取相关操练场快照失败: no such column: ps.prompt_id
2025-12-17 16:00:40,230 | ERROR | ❌ 获取相关操练场快照失败: no such column: ps.prompt_id
2025-12-17 16:00:40,233 | ERROR | ❌ 获取相关操练场快照失败: no such column: ps.prompt_id
2025-12-17 16:01:32,431 | ERROR | ❌ 获取相关操练场快照失败: no such column: ps.prompt_id
2025-12-17 16:01:32,432 | ERROR | ❌ 获取相关操练场快照失败: no such column: ps.prompt_id
2025-12-17 16:03:54,004 | ERROR | ❌ 获取相关操练场快照失败: no such column: ps.prompt_id
2025-12-17 16:03:54,009 | ERROR | ❌ 获取相关操练场快照失败: no such column: ps.prompt_id
2025-12-17 16:41:46,582 | ERROR | ❌ 获取相关操练场快照失败: no such column: ps.prompt_id
2025-12-17 16:41:46,590 | ERROR | ❌ 获取相关操练场快照失败: no such column: ps.prompt_id
2025-12-17 16:41:46,592 | ERROR | ❌ 获取评论列表失败: no such column: c.parent_id
2025-12-17 16:41:46,594 | ERROR | ❌ 获取评论列表失败: no such column: c.parent_id
2025-12-17 16:41:52,005 | ERROR | ❌ 获取相关操练场快照失败: no such column: ps.prompt_id
2025-12-17 16:41:52,005 | ERROR | ❌ 获取相关操练场快照失败: no such column: ps.prompt_id
2025-12-17 16:41:52,015 | ERROR | ❌ 获取评论列表失败: no such column: c.parent_id
2025-12-17 16:41:52,019 | ERROR | ❌ 获取评论列表失败: no such column: c.parent_id
2025-12-17 16:42:01,197 | ERROR | ❌ 获取相关操练场快照失败: no such column: ps.prompt_id
2025-12-17 16:42:01,198 | ERROR | ❌ 获取相关操练场快照失败: no such column: ps.prompt_id
2025-12-17 16:42:01,201 | ERROR | ❌ 获取评论列表失败: no such column: c.parent_id
2025-12-17 16:42:01,202 | ERROR | ❌ 获取评论列表失败: no such column: c.parent_id
2025-12-17 17:18:32,837 | ERROR | ❌ 获取评论列表失败: no such column: c.parent_id
2025-12-17 17:18:32,842 | ERROR | ❌ 获取评论列表失败: no such column: c.parent_id
2025-12-17 17:20:13,070 | ERROR | ❌ 获取评论列表失败: no such column: c.parent_id
2025-12-17 17:20:13,073 | ERROR | ❌ 获取评论列表失败: no such column: c.parent_id
2025-12-17 17:20:43,945 | ERROR | ❌ 获取评论列表失败: no such column: c.parent_id
2025-12-17 17:20:43,948 | ERROR | ❌ 获取评论列表失败: no such column: c.parent_id
2025-12-17 17:21:08,448 | ERROR | ❌ 获取评论列表失败: no such column: c.parent_id
2025-12-17 17:21:08,453 | ERROR | ❌ 获取评论列表失败: no such column: c.parent_id
2025-12-17 17:25:49,030 | ERROR | ❌ 获取评论列表失败: no such column: c.parent_id
2025-12-17 17:25:49,034 | ERROR | ❌ 获取评论列表失败: no such column: c.parent_id
2025-12-17 17:32:24,740 | ERROR | ❌ 获取评论列表失败: no such column: c.parent_id
2025-12-17 17:32:24,742 | ERROR | ❌ 获取评论列表失败: no such column: c.parent_id
2025-12-17 17:33:45,275 | ERROR | ❌ 获取评论列表失败: no such column: c.parent_id
2025-12-17 17:33:45,281 | ERROR | ❌ 获取评论列表失败: no such column: c.parent_id
2025-12-17 17:34:48,687 | ERROR | ❌ 获取评论列表失败: no such column: c.parent_id
2025-12-17 17:34:48,688 | ERROR | ❌ 获取评论列表失败: no such column: c.parent_id
2025-12-17 17:36:23,885 | ERROR | ❌ 获取评论列表失败: no such column: c.parent_id
2025-12-17 17:36:23,890 | ERROR | ❌ 获取评论列表失败: no such column: c.parent_id
2025-12-17 17:36:43,784 | ERROR | ❌ 获取评论列表失败: no such column: c.parent_id
2025-12-17 17:36:43,788 | ERROR | ❌ 获取评论列表失败: no such column: c.parent_id
2025-12-17 17:37:23,737 | ERROR | ❌ 获取评论列表失败: no such column: c.parent_id
2025-12-17 17:37:23,753 | ERROR | ❌ 获取评论列表失败: no such column: c.parent_id
2025-12-17 17:45:02,393 | ERROR | ❌ 获取评论列表失败: no such column: c.parent_id
2025-12-17 17:45:02,395 | ERROR | ❌ 获取评论列表失败: no such column: c.parent_id
2025-12-17 17:45:32,796 | ERROR | ❌ 创建评论失败: table prompt_comments has no column named parent_id
2025-12-17 17:45:32,812 | ERROR | ❌ 创建评论失败: table prompt_comments has no column named parent_id
2025-12-17 17:45:37,081 | ERROR | ❌ 获取评论列表失败: no such column: c.parent_id
2025-12-17 17:45:37,083 | ERROR | ❌ 获取评论列表失败: no such column: c.parent_id
2025-12-17 17:45:44,017 | ERROR | ❌ 创建评论失败: table prompt_comments has no column named parent_id
2025-12-17 17:45:44,018 | ERROR | ❌ 创建评论失败: table prompt_comments has no column named parent_id
2025-12-17 17:46:01,036 | ERROR | ❌ 获取评论列表失败: no such column: c.parent_id
2025-12-17 17:46:01,041 | ERROR | ❌ 获取评论列表失败: no such column: c.parent_id
2025-12-17 17:46:14,646 | ERROR | ❌ 获取评论列表失败: no such column: c.parent_id
2025-12-17 17:46:14,647 | ERROR | ❌ 获取评论列表失败: no such column: c.parent_id
2025-12-17 17:47:50,975 | ERROR | ❌ 获取评论列表失败: no such column: c.parent_id
2025-12-17 17:47:50,977 | ERROR | ❌ 获取评论列表失败: no such column: c.parent_id
2025-12-17 17:48:01,814 | ERROR | ❌ 创建评论失败: table prompt_comments has no column named parent_id
2025-12-17 17:48:01,816 | ERROR | ❌ 创建评论失败: table prompt_comments has no column named parent_id
